0 info it worked if it ends with ok
1 verbose cli [ 'C:\\Program Files\\nodejs\\node.exe',
1 verbose cli   'C:\\Program Files\\nodejs\\node_modules\\npm\\bin\\npm-cli.js',
1 verbose cli   'install',
1 verbose cli   'git-core' ]
2 info using npm@3.10.10
3 info using node@v6.9.4
4 silly loadCurrentTree Starting
5 silly install loadCurrentTree
6 silly install readLocalPackageData
7 silly fetchPackageMetaData git-core
8 silly fetchNamedPackageData git-core
9 silly mapToRegistry name git-core
10 silly mapToRegistry using default registry
11 silly mapToRegistry registry https://registry.npmjs.org/
12 silly mapToRegistry data Result {
12 silly mapToRegistry   raw: 'git-core',
12 silly mapToRegistry   scope: null,
12 silly mapToRegistry   escapedName: 'git-core',
12 silly mapToRegistry   name: 'git-core',
12 silly mapToRegistry   rawSpec: '',
12 silly mapToRegistry   spec: 'latest',
12 silly mapToRegistry   type: 'tag' }
13 silly mapToRegistry uri https://registry.npmjs.org/git-core
14 verbose request uri https://registry.npmjs.org/git-core
15 verbose request no auth needed
16 info attempt registry request try #1 at 11:44:16 PM
17 verbose request id 80e2d1eb6903e12b
18 http request GET https://registry.npmjs.org/git-core
19 http 200 https://registry.npmjs.org/git-core
20 verbose headers { server: 'nginx/1.10.1',
20 verbose headers   'content-type': 'application/json',
20 verbose headers   'last-modified': 'Thu, 17 Jan 2013 15:58:23 GMT',
20 verbose headers   etag: 'W/"50f81f9f-538b"',
20 verbose headers   'content-encoding': 'gzip',
20 verbose headers   'cache-control': 'max-age=300',
20 verbose headers   'content-length': '2411',
20 verbose headers   'accept-ranges': 'bytes',
20 verbose headers   date: 'Tue, 21 Feb 2017 18:14:17 GMT',
20 verbose headers   via: '1.1 varnish',
20 verbose headers   age: '0',
20 verbose headers   connection: 'keep-alive',
20 verbose headers   'x-served-by': 'cache-ams4422-AMS',
20 verbose headers   'x-cache': 'MISS',
20 verbose headers   'x-cache-hits': '0',
20 verbose headers   'x-timer': 'S1487700857.429162,VS0,VE100',
20 verbose headers   vary: 'Accept-Encoding' }
21 silly get cb [ 200,
21 silly get   { server: 'nginx/1.10.1',
21 silly get     'content-type': 'application/json',
21 silly get     'last-modified': 'Thu, 17 Jan 2013 15:58:23 GMT',
21 silly get     etag: 'W/"50f81f9f-538b"',
21 silly get     'content-encoding': 'gzip',
21 silly get     'cache-control': 'max-age=300',
21 silly get     'content-length': '2411',
21 silly get     'accept-ranges': 'bytes',
21 silly get     date: 'Tue, 21 Feb 2017 18:14:17 GMT',
21 silly get     via: '1.1 varnish',
21 silly get     age: '0',
21 silly get     connection: 'keep-alive',
21 silly get     'x-served-by': 'cache-ams4422-AMS',
21 silly get     'x-cache': 'MISS',
21 silly get     'x-cache-hits': '0',
21 silly get     'x-timer': 'S1487700857.429162,VS0,VE100',
21 silly get     vary: 'Accept-Encoding' } ]
22 verbose get saving git-core to C:\Users\boss\AppData\Roaming\npm-cache\registry.npmjs.org\git-core\.cache.json
23 verbose correctMkdir C:\Users\boss\AppData\Roaming\npm-cache correctMkdir not in flight; initializing
24 silly install normalizeTree
25 silly loadCurrentTree Finishing
26 silly loadIdealTree Starting
27 silly install loadIdealTree
28 silly cloneCurrentTree Starting
29 silly install cloneCurrentTreeToIdealTree
30 silly cloneCurrentTree Finishing
31 silly loadShrinkwrap Starting
32 silly install loadShrinkwrap
33 silly loadShrinkwrap Finishing
34 silly loadAllDepsIntoIdealTree Starting
35 silly install loadAllDepsIntoIdealTree
36 silly resolveWithNewModule git-core@0.0.4 checking installable status
37 silly cache add args [ 'git-core', null ]
38 verbose cache add spec git-core
39 silly cache add parsed spec Result {
39 silly cache add   raw: 'git-core',
39 silly cache add   scope: null,
39 silly cache add   escapedName: 'git-core',
39 silly cache add   name: 'git-core',
39 silly cache add   rawSpec: '',
39 silly cache add   spec: 'latest',
39 silly cache add   type: 'tag' }
40 silly addNamed git-core@latest
41 verbose addNamed "latest" is being treated as a dist-tag for git-core
42 info addNameTag [ 'git-core', 'latest' ]
43 silly mapToRegistry name git-core
44 silly mapToRegistry using default registry
45 silly mapToRegistry registry https://registry.npmjs.org/
46 silly mapToRegistry data Result {
46 silly mapToRegistry   raw: 'git-core',
46 silly mapToRegistry   scope: null,
46 silly mapToRegistry   escapedName: 'git-core',
46 silly mapToRegistry   name: 'git-core',
46 silly mapToRegistry   rawSpec: '',
46 silly mapToRegistry   spec: 'latest',
46 silly mapToRegistry   type: 'tag' }
47 silly mapToRegistry uri https://registry.npmjs.org/git-core
48 verbose addNameTag registry:https://registry.npmjs.org/git-core not in flight; fetching
49 verbose get https://registry.npmjs.org/git-core not expired, no request
50 silly addNameTag next cb for git-core with tag latest
51 silly addNamed git-core@0.0.4
52 verbose addNamed "0.0.4" is a plain semver version for git-core
53 silly mapToRegistry name git-core
54 silly mapToRegistry using default registry
55 silly mapToRegistry registry https://registry.npmjs.org/
56 silly mapToRegistry data Result {
56 silly mapToRegistry   raw: 'git-core',
56 silly mapToRegistry   scope: null,
56 silly mapToRegistry   escapedName: 'git-core',
56 silly mapToRegistry   name: 'git-core',
56 silly mapToRegistry   rawSpec: '',
56 silly mapToRegistry   spec: 'latest',
56 silly mapToRegistry   type: 'tag' }
57 silly mapToRegistry uri https://registry.npmjs.org/git-core
58 verbose addRemoteTarball https://registry.npmjs.org/git-core/-/git-core-0.0.4.tgz not in flight; adding
59 verbose addRemoteTarball [ 'https://registry.npmjs.org/git-core/-/git-core-0.0.4.tgz',
59 verbose addRemoteTarball   'ee49c4b8c67926e7c4ee13482c06c8bfa94b2261' ]
60 info retry fetch attempt 1 at 11:44:17 PM
61 info attempt registry request try #1 at 11:44:17 PM
62 http fetch GET https://registry.npmjs.org/git-core/-/git-core-0.0.4.tgz
63 http fetch 200 https://registry.npmjs.org/git-core/-/git-core-0.0.4.tgz
64 silly fetchAndShaCheck shasum ee49c4b8c67926e7c4ee13482c06c8bfa94b2261
65 verbose addTmpTarball C:\Users\boss\AppData\Local\Temp\npm-2748-8f448526\registry.npmjs.org\git-core\-\git-core-0.0.4.tgz not in flight; adding
66 verbose addTmpTarball already have metadata; skipping unpack for git-core@0.0.4
67 verbose correctMkdir C:\Users\boss\AppData\Roaming\npm-cache correctMkdir not in flight; initializing
68 silly cache afterAdd git-core@0.0.4
69 verbose afterAdd C:\Users\boss\AppData\Roaming\npm-cache\git-core\0.0.4\package\package.json not in flight; writing
70 verbose correctMkdir C:\Users\boss\AppData\Roaming\npm-cache correctMkdir not in flight; initializing
71 verbose afterAdd C:\Users\boss\AppData\Roaming\npm-cache\git-core\0.0.4\package\package.json written
72 silly loadAllDepsIntoIdealTree Finishing
73 silly loadIdealTree Finishing
74 silly currentTree grunttest@1.0.0
74 silly currentTree +-- abbrev@1.0.9
74 silly currentTree +-- ansi-regex@2.1.1
74 silly currentTree +-- ansi-styles@2.2.1
74 silly currentTree +-- argparse@1.0.9
74 silly currentTree +-- array-find-index@1.0.2
74 silly currentTree +-- async@1.5.2
74 silly currentTree +-- backbone@1.3.3
74 silly currentTree +-- balanced-match@0.4.2
74 silly currentTree +-- body-parser@1.14.2
74 silly currentTree | +-- iconv-lite@0.4.13
74 silly currentTree | `-- qs@5.2.0
74 silly currentTree +-- brace-expansion@1.1.6
74 silly currentTree +-- builtin-modules@1.1.1
74 silly currentTree +-- bytes@2.2.0
74 silly currentTree +-- camelcase-keys@2.1.0
74 silly currentTree +-- camelcase@2.1.1
74 silly currentTree +-- chalk@1.1.3
74 silly currentTree +-- coffee-script@1.10.0
74 silly currentTree +-- colors@1.1.2
74 silly currentTree +-- concat-map@0.0.1
74 silly currentTree +-- content-type@1.0.2
74 silly currentTree +-- currently-unhandled@0.4.1
74 silly currentTree +-- dateformat@1.0.12
74 silly currentTree +-- debug@2.2.0
74 silly currentTree +-- decamelize@1.2.0
74 silly currentTree +-- depd@1.1.0
74 silly currentTree +-- ee-first@1.1.1
74 silly currentTree +-- error-ex@1.3.0
74 silly currentTree +-- escape-string-regexp@1.0.5
74 silly currentTree +-- esprima@2.7.3
74 silly currentTree +-- eventemitter2@0.4.14
74 silly currentTree +-- exit@0.1.2
74 silly currentTree +-- faye-websocket@0.10.0
74 silly currentTree +-- find-up@1.1.2
74 silly currentTree +-- findup-sync@0.3.0
74 silly currentTree | `-- glob@5.0.15
74 silly currentTree +-- fs.realpath@1.0.0
74 silly currentTree +-- gaze@1.1.2
74 silly currentTree +-- get-stdin@4.0.1
74 silly currentTree +-- getobject@0.1.0
74 silly currentTree +-- git@0.1.5
74 silly currentTree +-- glob@7.0.6
74 silly currentTree +-- globule@1.1.0
74 silly currentTree | +-- glob@7.1.1
74 silly currentTree | `-- lodash@4.16.6
74 silly currentTree +-- graceful-fs@4.1.11
74 silly currentTree +-- grunt-contrib-concat@1.0.1
74 silly currentTree +-- grunt-contrib-watch@1.0.0
74 silly currentTree +-- grunt-known-options@1.1.0
74 silly currentTree +-- grunt-legacy-log-utils@1.0.0
74 silly currentTree | `-- lodash@4.3.0
74 silly currentTree +-- grunt-legacy-log@1.0.0
74 silly currentTree +-- grunt-legacy-util@1.0.0
74 silly currentTree | `-- lodash@4.3.0
74 silly currentTree +-- grunt@1.0.1
74 silly currentTree | `-- grunt-cli@1.2.0
74 silly currentTree +-- has-ansi@2.0.0
74 silly currentTree +-- hooker@0.2.3
74 silly currentTree +-- hosted-git-info@2.1.5
74 silly currentTree +-- http-errors@1.3.1
74 silly currentTree +-- iconv-lite@0.4.15
74 silly currentTree +-- indent-string@2.1.0
74 silly currentTree +-- inflight@1.0.6
74 silly currentTree +-- inherits@2.0.3
74 silly currentTree +-- is-arrayish@0.2.1
74 silly currentTree +-- is-builtin-module@1.0.0
74 silly currentTree +-- is-finite@1.0.2
74 silly currentTree +-- is-utf8@0.2.1
74 silly currentTree +-- isexe@1.1.2
74 silly currentTree +-- js-yaml@3.5.5
74 silly currentTree +-- livereload-js@2.2.2
74 silly currentTree +-- load-json-file@1.1.0
74 silly currentTree +-- lodash@3.10.1
74 silly currentTree +-- loud-rejection@1.6.0
74 silly currentTree +-- map-obj@1.0.1
74 silly currentTree +-- media-typer@0.3.0
74 silly currentTree +-- meow@3.7.0
74 silly currentTree +-- mime-db@1.26.0
74 silly currentTree +-- mime-types@2.1.14
74 silly currentTree +-- mime@1.2.9
74 silly currentTree +-- minimatch@3.0.3
74 silly currentTree +-- minimist@1.2.0
74 silly currentTree +-- ms@0.7.1
74 silly currentTree +-- nopt@3.0.6
74 silly currentTree +-- normalize-package-data@2.3.5
74 silly currentTree +-- number-is-nan@1.0.1
74 silly currentTree +-- object-assign@4.1.1
74 silly currentTree +-- on-finished@2.3.0
74 silly currentTree +-- once@1.4.0
74 silly currentTree +-- parse-json@2.2.0
74 silly currentTree +-- parseurl@1.3.1
74 silly currentTree +-- path-exists@2.1.0
74 silly currentTree +-- path-is-absolute@1.0.1
74 silly currentTree +-- path-type@1.1.0
74 silly currentTree +-- pify@2.3.0
74 silly currentTree +-- pinkie-promise@2.0.1
74 silly currentTree +-- pinkie@2.0.4
74 silly currentTree +-- qs@5.1.0
74 silly currentTree +-- raw-body@2.1.7
74 silly currentTree | +-- bytes@2.4.0
74 silly currentTree | `-- iconv-lite@0.4.13
74 silly currentTree +-- read-pkg-up@1.0.1
74 silly currentTree +-- read-pkg@1.1.0
74 silly currentTree +-- redent@1.0.0
74 silly currentTree +-- repeating@2.0.1
74 silly currentTree +-- resolve@1.1.7
74 silly currentTree +-- rimraf@2.2.8
74 silly currentTree +-- semver@5.3.0
74 silly currentTree +-- signal-exit@3.0.2
74 silly currentTree +-- source-map@0.5.6
74 silly currentTree +-- spdx-correct@1.0.2
74 silly currentTree +-- spdx-expression-parse@1.0.4
74 silly currentTree +-- spdx-license-ids@1.2.2
74 silly currentTree +-- sprintf-js@1.0.3
74 silly currentTree +-- statuses@1.3.1
74 silly currentTree +-- strip-ansi@3.0.1
74 silly currentTree +-- strip-bom@2.0.0
74 silly currentTree +-- strip-indent@1.0.1
74 silly currentTree +-- supports-color@2.0.0
74 silly currentTree +-- tiny-lr@0.2.1
74 silly currentTree +-- trim-newlines@1.0.0
74 silly currentTree +-- type-is@1.6.14
74 silly currentTree +-- underscore.string@3.2.3
74 silly currentTree +-- underscore@1.8.3
74 silly currentTree +-- unpipe@1.0.0
74 silly currentTree +-- validate-npm-package-license@3.0.1
74 silly currentTree +-- websocket-driver@0.6.5
74 silly currentTree +-- websocket-extensions@0.1.1
74 silly currentTree +-- which@1.2.12
74 silly currentTree `-- wrappy@1.0.2
75 silly idealTree grunttest@1.0.0
75 silly idealTree +-- abbrev@1.0.9
75 silly idealTree +-- ansi-regex@2.1.1
75 silly idealTree +-- ansi-styles@2.2.1
75 silly idealTree +-- argparse@1.0.9
75 silly idealTree +-- array-find-index@1.0.2
75 silly idealTree +-- async@1.5.2
75 silly idealTree +-- backbone@1.3.3
75 silly idealTree +-- balanced-match@0.4.2
75 silly idealTree +-- body-parser@1.14.2
75 silly idealTree | +-- iconv-lite@0.4.13
75 silly idealTree | `-- qs@5.2.0
75 silly idealTree +-- brace-expansion@1.1.6
75 silly idealTree +-- builtin-modules@1.1.1
75 silly idealTree +-- bytes@2.2.0
75 silly idealTree +-- camelcase-keys@2.1.0
75 silly idealTree +-- camelcase@2.1.1
75 silly idealTree +-- chalk@1.1.3
75 silly idealTree +-- coffee-script@1.10.0
75 silly idealTree +-- colors@1.1.2
75 silly idealTree +-- concat-map@0.0.1
75 silly idealTree +-- content-type@1.0.2
75 silly idealTree +-- currently-unhandled@0.4.1
75 silly idealTree +-- dateformat@1.0.12
75 silly idealTree +-- debug@2.2.0
75 silly idealTree +-- decamelize@1.2.0
75 silly idealTree +-- depd@1.1.0
75 silly idealTree +-- ee-first@1.1.1
75 silly idealTree +-- error-ex@1.3.0
75 silly idealTree +-- escape-string-regexp@1.0.5
75 silly idealTree +-- esprima@2.7.3
75 silly idealTree +-- eventemitter2@0.4.14
75 silly idealTree +-- exit@0.1.2
75 silly idealTree +-- faye-websocket@0.10.0
75 silly idealTree +-- find-up@1.1.2
75 silly idealTree +-- findup-sync@0.3.0
75 silly idealTree | `-- glob@5.0.15
75 silly idealTree +-- fs.realpath@1.0.0
75 silly idealTree +-- gaze@1.1.2
75 silly idealTree +-- get-stdin@4.0.1
75 silly idealTree +-- getobject@0.1.0
75 silly idealTree +-- git-core@0.0.4
75 silly idealTree +-- git@0.1.5
75 silly idealTree +-- glob@7.0.6
75 silly idealTree +-- globule@1.1.0
75 silly idealTree | +-- glob@7.1.1
75 silly idealTree | `-- lodash@4.16.6
75 silly idealTree +-- graceful-fs@4.1.11
75 silly idealTree +-- grunt-contrib-concat@1.0.1
75 silly idealTree +-- grunt-contrib-watch@1.0.0
75 silly idealTree +-- grunt-known-options@1.1.0
75 silly idealTree +-- grunt-legacy-log-utils@1.0.0
75 silly idealTree | `-- lodash@4.3.0
75 silly idealTree +-- grunt-legacy-log@1.0.0
75 silly idealTree +-- grunt-legacy-util@1.0.0
75 silly idealTree | `-- lodash@4.3.0
75 silly idealTree +-- grunt@1.0.1
75 silly idealTree | `-- grunt-cli@1.2.0
75 silly idealTree +-- has-ansi@2.0.0
75 silly idealTree +-- hooker@0.2.3
75 silly idealTree +-- hosted-git-info@2.1.5
75 silly idealTree +-- http-errors@1.3.1
75 silly idealTree +-- iconv-lite@0.4.15
75 silly idealTree +-- indent-string@2.1.0
75 silly idealTree +-- inflight@1.0.6
75 silly idealTree +-- inherits@2.0.3
75 silly idealTree +-- is-arrayish@0.2.1
75 silly idealTree +-- is-builtin-module@1.0.0
75 silly idealTree +-- is-finite@1.0.2
75 silly idealTree +-- is-utf8@0.2.1
75 silly idealTree +-- isexe@1.1.2
75 silly idealTree +-- js-yaml@3.5.5
75 silly idealTree +-- livereload-js@2.2.2
75 silly idealTree +-- load-json-file@1.1.0
75 silly idealTree +-- lodash@3.10.1
75 silly idealTree +-- loud-rejection@1.6.0
75 silly idealTree +-- map-obj@1.0.1
75 silly idealTree +-- media-typer@0.3.0
75 silly idealTree +-- meow@3.7.0
75 silly idealTree +-- mime-db@1.26.0
75 silly idealTree +-- mime-types@2.1.14
75 silly idealTree +-- mime@1.2.9
75 silly idealTree +-- minimatch@3.0.3
75 silly idealTree +-- minimist@1.2.0
75 silly idealTree +-- ms@0.7.1
75 silly idealTree +-- nopt@3.0.6
75 silly idealTree +-- normalize-package-data@2.3.5
75 silly idealTree +-- number-is-nan@1.0.1
75 silly idealTree +-- object-assign@4.1.1
75 silly idealTree +-- on-finished@2.3.0
75 silly idealTree +-- once@1.4.0
75 silly idealTree +-- parse-json@2.2.0
75 silly idealTree +-- parseurl@1.3.1
75 silly idealTree +-- path-exists@2.1.0
75 silly idealTree +-- path-is-absolute@1.0.1
75 silly idealTree +-- path-type@1.1.0
75 silly idealTree +-- pify@2.3.0
75 silly idealTree +-- pinkie-promise@2.0.1
75 silly idealTree +-- pinkie@2.0.4
75 silly idealTree +-- qs@5.1.0
75 silly idealTree +-- raw-body@2.1.7
75 silly idealTree | +-- bytes@2.4.0
75 silly idealTree | `-- iconv-lite@0.4.13
75 silly idealTree +-- read-pkg-up@1.0.1
75 silly idealTree +-- read-pkg@1.1.0
75 silly idealTree +-- redent@1.0.0
75 silly idealTree +-- repeating@2.0.1
75 silly idealTree +-- resolve@1.1.7
75 silly idealTree +-- rimraf@2.2.8
75 silly idealTree +-- semver@5.3.0
75 silly idealTree +-- signal-exit@3.0.2
75 silly idealTree +-- source-map@0.5.6
75 silly idealTree +-- spdx-correct@1.0.2
75 silly idealTree +-- spdx-expression-parse@1.0.4
75 silly idealTree +-- spdx-license-ids@1.2.2
75 silly idealTree +-- sprintf-js@1.0.3
75 silly idealTree +-- statuses@1.3.1
75 silly idealTree +-- strip-ansi@3.0.1
75 silly idealTree +-- strip-bom@2.0.0
75 silly idealTree +-- strip-indent@1.0.1
75 silly idealTree +-- supports-color@2.0.0
75 silly idealTree +-- tiny-lr@0.2.1
75 silly idealTree +-- trim-newlines@1.0.0
75 silly idealTree +-- type-is@1.6.14
75 silly idealTree +-- underscore.string@3.2.3
75 silly idealTree +-- underscore@1.8.3
75 silly idealTree +-- unpipe@1.0.0
75 silly idealTree +-- validate-npm-package-license@3.0.1
75 silly idealTree +-- websocket-driver@0.6.5
75 silly idealTree +-- websocket-extensions@0.1.1
75 silly idealTree +-- which@1.2.12
75 silly idealTree `-- wrappy@1.0.2
76 silly generateActionsToTake Starting
77 silly install generateActionsToTake
78 silly generateActionsToTake Finishing
79 silly diffTrees action count 1
80 silly diffTrees add git-core@0.0.4
81 silly decomposeActions action count 8
82 silly decomposeActions fetch git-core@0.0.4
83 silly decomposeActions extract git-core@0.0.4
84 silly decomposeActions test git-core@0.0.4
85 silly decomposeActions preinstall git-core@0.0.4
86 silly decomposeActions build git-core@0.0.4
87 silly decomposeActions install git-core@0.0.4
88 silly decomposeActions postinstall git-core@0.0.4
89 silly decomposeActions finalize git-core@0.0.4
90 silly runTopLevelLifecycles Starting
91 silly executeActions Starting
92 silly install executeActions
93 silly doSerial global-install 0
94 silly doParallel fetch 1
95 verbose correctMkdir C:\Users\boss\AppData\Roaming\npm-cache\_locks correctMkdir not in flight; initializing
96 verbose lock using C:\Users\boss\AppData\Roaming\npm-cache\_locks\staging-12e7987c789110eb.lock for D:\xampp\htdocs\grunttest\node_modules\.staging
97 silly doParallel extract 1
98 silly extract git-core@0.0.4
99 verbose unbuild node_modules\.staging\git-core-03719758
100 silly gentlyRm D:\xampp\htdocs\grunttest\node_modules\.staging\git-core-03719758 is being purged from base D:\xampp\htdocs\grunttest
101 verbose gentlyRm don't care about contents; nuking D:\xampp\htdocs\grunttest\node_modules\.staging\git-core-03719758
102 verbose tar unpack C:\Users\boss\AppData\Roaming\npm-cache\git-core\0.0.4\package.tgz
103 verbose tar unpacking to D:\xampp\htdocs\grunttest\node_modules\.staging\git-core-03719758
104 silly gentlyRm D:\xampp\htdocs\grunttest\node_modules\.staging\git-core-03719758 is being purged
105 verbose gentlyRm don't care about contents; nuking D:\xampp\htdocs\grunttest\node_modules\.staging\git-core-03719758
106 silly gunzTarPerm modes [ '777', '666' ]
107 silly gunzTarPerm extractEntry package.json
108 silly gunzTarPerm modified mode [ 'package.json', 420, 438 ]
109 silly gunzTarPerm extractEntry .npmignore
110 silly gunzTarPerm modified mode [ '.npmignore', 420, 438 ]
111 silly gunzTarPerm extractEntry README.md
112 silly gunzTarPerm modified mode [ 'README.md', 420, 438 ]
113 silly gunzTarPerm extractEntry binding.gyp
114 silly gunzTarPerm modified mode [ 'binding.gyp', 420, 438 ]
115 silly gunzTarPerm extractEntry src/cpp/zlib.cpp
116 silly gunzTarPerm modified mode [ 'src/cpp/zlib.cpp', 420, 438 ]
117 silly gunzTarPerm extractEntry src/js/zlib.js
118 silly gunzTarPerm modified mode [ 'src/js/zlib.js', 420, 438 ]
119 silly gunzTarPerm extractEntry src/js/pack.js
120 silly gunzTarPerm modified mode [ 'src/js/pack.js', 420, 438 ]
121 silly gunzTarPerm extractEntry src/js/common.js
122 silly gunzTarPerm modified mode [ 'src/js/common.js', 420, 438 ]
123 silly gunzTarPerm extractEntry src/js/index.js
124 silly gunzTarPerm modified mode [ 'src/js/index.js', 420, 438 ]
125 silly gunzTarPerm extractEntry src/js/delta.js
126 silly gunzTarPerm modified mode [ 'src/js/delta.js', 420, 438 ]
127 silly gunzTarPerm extractEntry src/js/blob.js
128 silly gunzTarPerm modified mode [ 'src/js/blob.js', 420, 438 ]
129 silly gunzTarPerm extractEntry src/js/tree.js
130 silly gunzTarPerm modified mode [ 'src/js/tree.js', 420, 438 ]
131 silly gunzTarPerm extractEntry src/js/commit.js
132 silly gunzTarPerm modified mode [ 'src/js/commit.js', 420, 438 ]
133 silly gunzTarPerm extractEntry src/js/tag.js
134 silly gunzTarPerm modified mode [ 'src/js/tag.js', 420, 438 ]
135 silly gentlyRm D:\xampp\htdocs\grunttest\node_modules\.staging\git-core-03719758\node_modules is being purged
136 verbose gentlyRm don't care about contents; nuking D:\xampp\htdocs\grunttest\node_modules\.staging\git-core-03719758\node_modules
137 silly doParallel preinstall 1
138 silly preinstall git-core@0.0.4 D:\xampp\htdocs\grunttest\node_modules\.staging\git-core-03719758
139 info lifecycle git-core@0.0.4~preinstall: git-core@0.0.4
140 silly lifecycle git-core@0.0.4~preinstall: no script for preinstall, continuing
141 silly doReverseSerial remove 0
142 silly doSerial move 0
143 silly doSerial finalize 1
144 silly finalize D:\xampp\htdocs\grunttest\node_modules\git-core
145 silly doSerial build 1
146 silly build git-core@0.0.4
147 info linkStuff git-core@0.0.4
148 silly linkStuff git-core@0.0.4 has D:\xampp\htdocs\grunttest\node_modules as its parent node_modules
149 verbose linkBins git-core@0.0.4
150 verbose linkMans git-core@0.0.4
151 silly doSerial global-link 0
152 silly doParallel update-linked 0
153 silly doSerial install 1
154 silly install git-core@0.0.4 D:\xampp\htdocs\grunttest\node_modules\.staging\git-core-03719758
155 info lifecycle git-core@0.0.4~install: git-core@0.0.4
156 verbose lifecycle git-core@0.0.4~install: unsafe-perm in lifecycle true
157 verbose lifecycle git-core@0.0.4~install: PATH: C:\Program Files\nodejs\node_modules\npm\bin\node-gyp-bin;D:\xampp\htdocs\grunttest\node_modules\git-core\node_modules\.bin;D:\xampp\htdocs\grunttest\node_modules\.bin;C:\Windows\system32;C:\Windows;C:\Windows\System32\Wbem;C:\Windows\System32\WindowsPowerShell\v1.0\;C:\Program Files (x86)\Brackets\command;C:\Program Files\nodejs\;C:\Program Files\TortoiseSVN\bin;C:\Ruby23\bin;C:\Users\boss\AppData\Roaming\npm
158 verbose lifecycle git-core@0.0.4~install: CWD: D:\xampp\htdocs\grunttest\node_modules\git-core
159 silly lifecycle git-core@0.0.4~install: Args: [ '/d /s /c', 'node-gyp rebuild' ]
160 silly lifecycle git-core@0.0.4~install: Returned: code: 1  signal: null
161 info lifecycle git-core@0.0.4~install: Failed to exec install script
162 verbose unlock done using C:\Users\boss\AppData\Roaming\npm-cache\_locks\staging-12e7987c789110eb.lock for D:\xampp\htdocs\grunttest\node_modules\.staging
163 silly rollbackFailedOptional Starting
164 silly rollbackFailedOptional Finishing
165 silly runTopLevelLifecycles Finishing
166 silly install printInstalled
167 verbose stack Error: git-core@0.0.4 install: `node-gyp rebuild`
167 verbose stack Exit status 1
167 verbose stack     at EventEmitter.<anonymous> (C:\Program Files\nodejs\node_modules\npm\lib\utils\lifecycle.js:255:16)
167 verbose stack     at emitTwo (events.js:106:13)
167 verbose stack     at EventEmitter.emit (events.js:191:7)
167 verbose stack     at ChildProcess.<anonymous> (C:\Program Files\nodejs\node_modules\npm\lib\utils\spawn.js:40:14)
167 verbose stack     at emitTwo (events.js:106:13)
167 verbose stack     at ChildProcess.emit (events.js:191:7)
167 verbose stack     at maybeClose (internal/child_process.js:877:16)
167 verbose stack     at Process.ChildProcess._handle.onexit (internal/child_process.js:226:5)
168 verbose pkgid git-core@0.0.4
169 verbose cwd D:\xampp\htdocs\grunttest
170 error Windows_NT 6.1.7600
171 error argv "C:\\Program Files\\nodejs\\node.exe" "C:\\Program Files\\nodejs\\node_modules\\npm\\bin\\npm-cli.js" "install" "git-core"
172 error node v6.9.4
173 error npm  v3.10.10
174 error code ELIFECYCLE
175 error git-core@0.0.4 install: `node-gyp rebuild`
175 error Exit status 1
176 error Failed at the git-core@0.0.4 install script 'node-gyp rebuild'.
176 error Make sure you have the latest version of node.js and npm installed.
176 error If you do, this is most likely a problem with the git-core package,
176 error not with npm itself.
176 error Tell the author that this fails on your system:
176 error     node-gyp rebuild
176 error You can get information on how to open an issue for this project with:
176 error     npm bugs git-core
176 error Or if that isn't available, you can get their info via:
176 error     npm owner ls git-core
176 error There is likely additional logging output above.
177 verbose exit [ 1, true ]
